<?xml version="1.0" encoding="UTF-8"?>
<testng-results ignored="0" total="1" passed="1" failed="0" skipped="0">
  <reporter-output>
  </reporter-output>
  <suite started-at="2018-08-09T10:28:45Z" name="Default suite" finished-at="2018-08-09T10:28:48Z" duration-ms="2372">
    <groups>
    </groups>
    <test started-at="2018-08-09T10:28:45Z" name="Default test" finished-at="2018-08-09T10:28:48Z" duration-ms="2372">
      <class name="restAssuredPKG.Get_SerializationAndDeserialization">
        <test-method signature="method()[pri:0, instance:restAssuredPKG.Get_SerializationAndDeserialization@13b6aecc]" started-at="2018-08-09T10:28:45Z" name="method" finished-at="2018-08-09T10:28:48Z" duration-ms="2354" status="PASS">
          <reporter-output>
          </reporter-output>
        </test-method> <!-- method -->
      </class> <!-- restAssuredPKG.Get_SerializationAndDeserialization -->
    </test> <!-- Default test -->
  </suite> <!-- Default suite -->
</testng-results>
