<?xml version="1.0" encoding="UTF-8"?>
<!-- Generated by org.testng.reporters.JUnitXMLReporter -->
<testsuite ignored="0" hostname="raverma-WX-1" failures="1" tests="7" name="Default test(failed)" time="2.824" errors="0" timestamp="13 Jul 2018 05:25:36 GMT">
  <testcase classname="restAssuredPKG.LearnApiTest" name="verfiyBody" time="0.005"/>
  <testcase classname="restAssuredPKG.LearnApiTest" name="verfiyStatusCode" time="0.001"/>
  <testcase classname="restAssuredPKG.LearnApiTest" name="printAllHeader" time="0.001"/>
  <testcase classname="restAssuredPKG.LearnApiTest" name="verifyHeader" time="0.001"/>
  <testcase classname="restAssuredPKG.LearnApiTest" name="verifyNode" time="0.202"/>
  <testcase classname="restAssuredPKG.LearnApiTest" name="getAllInfoInBody" time="0.015"/>
  <testcase classname="restAssuredPKG.LearnApiTest" name="post_WeatherAPI" time="0.791">
    <failure type="java.lang.AssertionError" message="expected [201] but found [200]">
      <![CDATA[java.lang.AssertionError: expected [201] but found [200]
at restAssuredPKG.LearnApiTest.post_WeatherAPI(LearnApiTest.java:88)
... Removed 31 stack frames]]>
    </failure>
  </testcase> <!-- post_WeatherAPI -->
</testsuite> <!-- Default test(failed) -->
